<?xml version="1.0" encoding="UTF-8"?>
<testng-results ignored="0" total="3" passed="3" failed="0" skipped="0">
  <reporter-output>
  </reporter-output>
  <suite started-at="2021-10-08T11:11:24 IST" name="SuiteTesting" finished-at="2021-10-08T11:11:24 IST" duration-ms="153">
    <groups>
    </groups>
    <test started-at="2021-10-08T11:11:24 IST" name="TestingDemo" finished-at="2021-10-08T11:11:24 IST" duration-ms="153">
      <class name="SeleniumTrainingDay3.TestNG_1">
        <test-method signature="testMethod2(java.lang.String,java.lang.String)[pri:0, instance:SeleniumTrainingDay3.TestNG_1@4b29d1d2]" started-at="2021-10-08T11:11:24 IST" name="testMethod2" finished-at="2021-10-08T11:11:24 IST" duration-ms="12" status="PASS">
          <params>
            <param index="0">
              <value>
                <![CDATA[Chrome]]>
              </value>
            </param>
            <param index="1">
              <value>
                <![CDATA[https://google.com]]>
              </value>
            </param>
          </params>
          <reporter-output>
          </reporter-output>
        </test-method> <!-- testMethod2 -->
        <test-method signature="testMethod3()[pri:0, instance:SeleniumTrainingDay3.TestNG_1@4b29d1d2]" started-at="2021-10-08T11:11:24 IST" name="testMethod3" finished-at="2021-10-08T11:11:24 IST" duration-ms="30" status="PASS">
          <reporter-output>
          </reporter-output>
        </test-method> <!-- testMethod3 -->
        <test-method signature="testMethod1()[pri:0, instance:SeleniumTrainingDay3.TestNG_1@4b29d1d2]" started-at="2021-10-08T11:11:24 IST" name="testMethod1" finished-at="2021-10-08T11:11:24 IST" depends-on-methods="SeleniumTrainingDay3.TestNG_1.testMethod3" duration-ms="2" status="PASS">
          <reporter-output>
          </reporter-output>
        </test-method> <!-- testMethod1 -->
        <test-method is-config="true" signature="afterclass()[pri:0, instance:SeleniumTrainingDay3.TestNG_1@4b29d1d2]" started-at="2021-10-08T11:11:24 IST" name="afterclass" finished-at="2021-10-08T11:11:24 IST" duration-ms="3" status="PASS">
          <reporter-output>
          </reporter-output>
        </test-method> <!-- afterclass -->
      </class> <!-- SeleniumTrainingDay3.TestNG_1 -->
    </test> <!-- TestingDemo -->
  </suite> <!-- SuiteTesting -->
</testng-results>
