<?xml version="1.0" encoding="UTF-8"?>
<!-- Generated by org.testng.reporters.JUnitXMLReporter -->
<testsuite ignored="0" hostname="Nikhil" failures="0" tests="3" name="TestingDemo" time="0.153" errors="0" timestamp="2021-10-08T11:11:24 IST">
  <testcase classname="SeleniumTrainingDay3.TestNG_1" name="testMethod2" time="0.012"/>
  <testcase classname="SeleniumTrainingDay3.TestNG_1" name="testMethod3" time="0.03"/>
  <testcase classname="SeleniumTrainingDay3.TestNG_1" name="testMethod1" time="0.002"/>
</testsuite> <!-- TestingDemo -->
